<?xml version="1.0" encoding="UTF-8"?>
<testng-results ignored="0" total="1" passed="1" failed="0" skipped="0">
  <reporter-output>
  </reporter-output>
  <suite started-at="2025-07-23T18:24:22 IST" name="Loginsuite" finished-at="2025-07-23T18:24:34 IST" duration-ms="11327">
    <groups>
    </groups>
    <test started-at="2025-07-23T18:24:22 IST" name="Logintests" finished-at="2025-07-23T18:24:34 IST" duration-ms="11327">
      <class name="tests.Logintest">
        <test-method is-config="true" signature="setup()[pri:0, instance:tests.Logintest@3349e9bb]" started-at="2025-07-23T18:24:23 IST" name="setup" finished-at="2025-07-23T18:24:31 IST" duration-ms="8913" status="PASS">
          <reporter-output>
          </reporter-output>
        </test-method> <!-- setup -->
        <test-method signature="testvalidlogin()[pri:0, instance:tests.Logintest@3349e9bb]" started-at="2025-07-23T18:24:31 IST" name="testvalidlogin" finished-at="2025-07-23T18:24:33 IST" duration-ms="1846" status="PASS">
          <reporter-output>
          </reporter-output>
        </test-method> <!-- testvalidlogin -->
        <test-method is-config="true" signature="teardown()[pri:0, instance:tests.Logintest@3349e9bb]" started-at="2025-07-23T18:24:33 IST" name="teardown" finished-at="2025-07-23T18:24:34 IST" duration-ms="468" status="PASS">
          <reporter-output>
          </reporter-output>
        </test-method> <!-- teardown -->
      </class> <!-- tests.Logintest -->
    </test> <!-- Logintests -->
  </suite> <!-- Loginsuite -->
</testng-results>
